[2021-08-09 14:31:22,459] {taskinstance.py:876} INFO - Dependencies all met for <TaskInstance: Covid.Covidtask5 2021-08-09T08:44:47.104391+00:00 [queued]>
[2021-08-09 14:31:22,468] {taskinstance.py:876} INFO - Dependencies all met for <TaskInstance: Covid.Covidtask5 2021-08-09T08:44:47.104391+00:00 [queued]>
[2021-08-09 14:31:22,469] {taskinstance.py:1067} INFO - 
--------------------------------------------------------------------------------
[2021-08-09 14:31:22,469] {taskinstance.py:1068} INFO - Starting attempt 1 of 8
[2021-08-09 14:31:22,469] {taskinstance.py:1069} INFO - 
--------------------------------------------------------------------------------
[2021-08-09 14:31:22,541] {taskinstance.py:1087} INFO - Executing <Task(PythonOperator): Covidtask5> on 2021-08-09T08:44:47.104391+00:00
[2021-08-09 14:31:22,546] {standard_task_runner.py:52} INFO - Started process 24797 to run task
[2021-08-09 14:31:22,556] {standard_task_runner.py:76} INFO - Running: ['airflow', 'tasks', 'run', 'Covid', 'Covidtask5', '2021-08-09T08:44:47.104391+00:00', '--job-id', '351', '--pool', 'default_pool', '--raw', '--subdir', 'DAGS_FOLDER/dag.py', '--cfg-path', '/tmp/tmp0ci6d2kp', '--error-file', '/tmp/tmpr0rj9g98']
[2021-08-09 14:31:22,557] {standard_task_runner.py:77} INFO - Job 351: Subtask Covidtask5
[2021-08-09 14:31:22,878] {logging_mixin.py:104} INFO - Running <TaskInstance: Covid.Covidtask5 2021-08-09T08:44:47.104391+00:00 [running]> on host deepika-Inspiron-5570
[2021-08-09 14:31:23,042] {taskinstance.py:1280} INFO - Exporting the following env vars:
AIRFLOW_CTX_DAG_EMAIL=sthadpka93@gmail.com
AIRFLOW_CTX_DAG_OWNER=postgres
AIRFLOW_CTX_DAG_ID=Covid
AIRFLOW_CTX_TASK_ID=Covidtask5
AIRFLOW_CTX_EXECUTION_DATE=2021-08-09T08:44:47.104391+00:00
AIRFLOW_CTX_DAG_RUN_ID=manual__2021-08-09T08:44:47.104391+00:00
[2021-08-09 14:31:25,490] {python.py:151} INFO - Done. Returned value was: None
[2021-08-09 14:31:25,493] {taskinstance.py:1184} INFO - Marking task as SUCCESS. dag_id=Covid, task_id=Covidtask5, execution_date=20210809T084447, start_date=20210809T084622, end_date=20210809T084625
[2021-08-09 14:31:25,566] {taskinstance.py:1245} INFO - 0 downstream tasks scheduled from follow-on schedule check
[2021-08-09 14:31:25,573] {local_task_job.py:151} INFO - Task exited with return code 0
