[2021-08-09 14:30:56,952] {taskinstance.py:876} INFO - Dependencies all met for <TaskInstance: Covid.Covidtask4 2021-08-09T08:44:47.104391+00:00 [queued]>
[2021-08-09 14:30:56,959] {taskinstance.py:876} INFO - Dependencies all met for <TaskInstance: Covid.Covidtask4 2021-08-09T08:44:47.104391+00:00 [queued]>
[2021-08-09 14:30:56,959] {taskinstance.py:1067} INFO - 
--------------------------------------------------------------------------------
[2021-08-09 14:30:56,960] {taskinstance.py:1068} INFO - Starting attempt 1 of 8
[2021-08-09 14:30:56,960] {taskinstance.py:1069} INFO - 
--------------------------------------------------------------------------------
[2021-08-09 14:30:57,271] {taskinstance.py:1087} INFO - Executing <Task(PythonOperator): Covidtask4> on 2021-08-09T08:44:47.104391+00:00
[2021-08-09 14:30:57,277] {standard_task_runner.py:52} INFO - Started process 24249 to run task
[2021-08-09 14:30:57,289] {standard_task_runner.py:76} INFO - Running: ['airflow', 'tasks', 'run', 'Covid', 'Covidtask4', '2021-08-09T08:44:47.104391+00:00', '--job-id', '350', '--pool', 'default_pool', '--raw', '--subdir', 'DAGS_FOLDER/dag.py', '--cfg-path', '/tmp/tmpsbe7u4ok', '--error-file', '/tmp/tmpp5imp2r3']
[2021-08-09 14:30:57,291] {standard_task_runner.py:77} INFO - Job 350: Subtask Covidtask4
[2021-08-09 14:30:57,435] {logging_mixin.py:104} INFO - Running <TaskInstance: Covid.Covidtask4 2021-08-09T08:44:47.104391+00:00 [running]> on host deepika-Inspiron-5570
[2021-08-09 14:30:57,787] {taskinstance.py:1280} INFO - Exporting the following env vars:
AIRFLOW_CTX_DAG_EMAIL=sthadpka93@gmail.com
AIRFLOW_CTX_DAG_OWNER=postgres
AIRFLOW_CTX_DAG_ID=Covid
AIRFLOW_CTX_TASK_ID=Covidtask4
AIRFLOW_CTX_EXECUTION_DATE=2021-08-09T08:44:47.104391+00:00
AIRFLOW_CTX_DAG_RUN_ID=manual__2021-08-09T08:44:47.104391+00:00
[2021-08-09 14:31:06,019] {python.py:151} INFO - Done. Returned value was: None
[2021-08-09 14:31:06,026] {taskinstance.py:1184} INFO - Marking task as SUCCESS. dag_id=Covid, task_id=Covidtask4, execution_date=20210809T084447, start_date=20210809T084556, end_date=20210809T084606
[2021-08-09 14:31:06,198] {taskinstance.py:1245} INFO - 1 downstream tasks scheduled from follow-on schedule check
[2021-08-09 14:31:06,241] {local_task_job.py:151} INFO - Task exited with return code 0
