[2021-08-09 14:21:00,020] {taskinstance.py:876} INFO - Dependencies all met for <TaskInstance: Covid.Covidtask2 2021-08-09T08:35:31.265897+00:00 [queued]>
[2021-08-09 14:21:00,028] {taskinstance.py:876} INFO - Dependencies all met for <TaskInstance: Covid.Covidtask2 2021-08-09T08:35:31.265897+00:00 [queued]>
[2021-08-09 14:21:00,029] {taskinstance.py:1067} INFO - 
--------------------------------------------------------------------------------
[2021-08-09 14:21:00,029] {taskinstance.py:1068} INFO - Starting attempt 1 of 8
[2021-08-09 14:21:00,029] {taskinstance.py:1069} INFO - 
--------------------------------------------------------------------------------
[2021-08-09 14:21:00,098] {taskinstance.py:1087} INFO - Executing <Task(PythonOperator): Covidtask2> on 2021-08-09T08:35:31.265897+00:00
[2021-08-09 14:21:00,103] {standard_task_runner.py:52} INFO - Started process 19637 to run task
[2021-08-09 14:21:00,112] {standard_task_runner.py:76} INFO - Running: ['airflow', 'tasks', 'run', 'Covid', 'Covidtask2', '2021-08-09T08:35:31.265897+00:00', '--job-id', '343', '--pool', 'default_pool', '--raw', '--subdir', 'DAGS_FOLDER/dag.py', '--cfg-path', '/tmp/tmpphltx7o1', '--error-file', '/tmp/tmpr534e6c9']
[2021-08-09 14:21:00,114] {standard_task_runner.py:77} INFO - Job 343: Subtask Covidtask2
[2021-08-09 14:21:00,269] {logging_mixin.py:104} INFO - Running <TaskInstance: Covid.Covidtask2 2021-08-09T08:35:31.265897+00:00 [running]> on host deepika-Inspiron-5570
[2021-08-09 14:21:00,476] {taskinstance.py:1280} INFO - Exporting the following env vars:
AIRFLOW_CTX_DAG_EMAIL=sthadpka93@gmail.com
AIRFLOW_CTX_DAG_OWNER=postgres
AIRFLOW_CTX_DAG_ID=Covid
AIRFLOW_CTX_TASK_ID=Covidtask2
AIRFLOW_CTX_EXECUTION_DATE=2021-08-09T08:35:31.265897+00:00
AIRFLOW_CTX_DAG_RUN_ID=manual__2021-08-09T08:35:31.265897+00:00
[2021-08-09 14:21:07,781] {python.py:151} INFO - Done. Returned value was: None
[2021-08-09 14:21:07,784] {taskinstance.py:1184} INFO - Marking task as SUCCESS. dag_id=Covid, task_id=Covidtask2, execution_date=20210809T083531, start_date=20210809T083600, end_date=20210809T083607
[2021-08-09 14:21:07,969] {taskinstance.py:1245} INFO - 1 downstream tasks scheduled from follow-on schedule check
[2021-08-09 14:21:08,005] {local_task_job.py:151} INFO - Task exited with return code 0
