[2021-08-09 14:20:40,386] {taskinstance.py:876} INFO - Dependencies all met for <TaskInstance: Covid.Covidtask1 2021-08-09T08:35:31.265897+00:00 [queued]>
[2021-08-09 14:20:40,395] {taskinstance.py:876} INFO - Dependencies all met for <TaskInstance: Covid.Covidtask1 2021-08-09T08:35:31.265897+00:00 [queued]>
[2021-08-09 14:20:40,395] {taskinstance.py:1067} INFO - 
--------------------------------------------------------------------------------
[2021-08-09 14:20:40,395] {taskinstance.py:1068} INFO - Starting attempt 1 of 8
[2021-08-09 14:20:40,395] {taskinstance.py:1069} INFO - 
--------------------------------------------------------------------------------
[2021-08-09 14:20:41,639] {taskinstance.py:1087} INFO - Executing <Task(PythonOperator): Covidtask1> on 2021-08-09T08:35:31.265897+00:00
[2021-08-09 14:20:41,645] {standard_task_runner.py:52} INFO - Started process 19270 to run task
[2021-08-09 14:20:41,662] {standard_task_runner.py:76} INFO - Running: ['airflow', 'tasks', 'run', 'Covid', 'Covidtask1', '2021-08-09T08:35:31.265897+00:00', '--job-id', '342', '--pool', 'default_pool', '--raw', '--subdir', 'DAGS_FOLDER/dag.py', '--cfg-path', '/tmp/tmpfortda1w', '--error-file', '/tmp/tmplrrmm9yn']
[2021-08-09 14:20:41,663] {standard_task_runner.py:77} INFO - Job 342: Subtask Covidtask1
[2021-08-09 14:20:41,815] {logging_mixin.py:104} INFO - Running <TaskInstance: Covid.Covidtask1 2021-08-09T08:35:31.265897+00:00 [running]> on host deepika-Inspiron-5570
[2021-08-09 14:20:42,188] {taskinstance.py:1280} INFO - Exporting the following env vars:
AIRFLOW_CTX_DAG_EMAIL=sthadpka93@gmail.com
AIRFLOW_CTX_DAG_OWNER=postgres
AIRFLOW_CTX_DAG_ID=Covid
AIRFLOW_CTX_TASK_ID=Covidtask1
AIRFLOW_CTX_EXECUTION_DATE=2021-08-09T08:35:31.265897+00:00
AIRFLOW_CTX_DAG_RUN_ID=manual__2021-08-09T08:35:31.265897+00:00
[2021-08-09 14:20:51,302] {python.py:151} INFO - Done. Returned value was: None
[2021-08-09 14:20:51,309] {taskinstance.py:1184} INFO - Marking task as SUCCESS. dag_id=Covid, task_id=Covidtask1, execution_date=20210809T083531, start_date=20210809T083540, end_date=20210809T083551
[2021-08-09 14:20:51,545] {taskinstance.py:1245} INFO - 1 downstream tasks scheduled from follow-on schedule check
[2021-08-09 14:20:51,568] {local_task_job.py:151} INFO - Task exited with return code 0
