[2021-08-09 14:30:33,155] {taskinstance.py:876} INFO - Dependencies all met for <TaskInstance: Covid.Covidtask3 2021-08-09T08:44:47.104391+00:00 [queued]>
[2021-08-09 14:30:33,162] {taskinstance.py:876} INFO - Dependencies all met for <TaskInstance: Covid.Covidtask3 2021-08-09T08:44:47.104391+00:00 [queued]>
[2021-08-09 14:30:33,162] {taskinstance.py:1067} INFO - 
--------------------------------------------------------------------------------
[2021-08-09 14:30:33,162] {taskinstance.py:1068} INFO - Starting attempt 1 of 8
[2021-08-09 14:30:33,162] {taskinstance.py:1069} INFO - 
--------------------------------------------------------------------------------
[2021-08-09 14:30:33,236] {taskinstance.py:1087} INFO - Executing <Task(PythonOperator): Covidtask3> on 2021-08-09T08:44:47.104391+00:00
[2021-08-09 14:30:33,241] {standard_task_runner.py:52} INFO - Started process 23873 to run task
[2021-08-09 14:30:33,253] {standard_task_runner.py:76} INFO - Running: ['airflow', 'tasks', 'run', 'Covid', 'Covidtask3', '2021-08-09T08:44:47.104391+00:00', '--job-id', '349', '--pool', 'default_pool', '--raw', '--subdir', 'DAGS_FOLDER/dag.py', '--cfg-path', '/tmp/tmpn885crwj', '--error-file', '/tmp/tmpagkh15gj']
[2021-08-09 14:30:33,255] {standard_task_runner.py:77} INFO - Job 349: Subtask Covidtask3
[2021-08-09 14:30:33,404] {logging_mixin.py:104} INFO - Running <TaskInstance: Covid.Covidtask3 2021-08-09T08:44:47.104391+00:00 [running]> on host deepika-Inspiron-5570
[2021-08-09 14:30:33,643] {taskinstance.py:1280} INFO - Exporting the following env vars:
AIRFLOW_CTX_DAG_EMAIL=sthadpka93@gmail.com
AIRFLOW_CTX_DAG_OWNER=postgres
AIRFLOW_CTX_DAG_ID=Covid
AIRFLOW_CTX_TASK_ID=Covidtask3
AIRFLOW_CTX_EXECUTION_DATE=2021-08-09T08:44:47.104391+00:00
AIRFLOW_CTX_DAG_RUN_ID=manual__2021-08-09T08:44:47.104391+00:00
[2021-08-09 14:30:43,476] {python.py:151} INFO - Done. Returned value was: None
[2021-08-09 14:30:43,479] {taskinstance.py:1184} INFO - Marking task as SUCCESS. dag_id=Covid, task_id=Covidtask3, execution_date=20210809T084447, start_date=20210809T084533, end_date=20210809T084543
[2021-08-09 14:30:44,642] {taskinstance.py:1245} INFO - 1 downstream tasks scheduled from follow-on schedule check
[2021-08-09 14:30:44,681] {local_task_job.py:151} INFO - Task exited with return code 0
