[2021-08-09 14:29:56,832] {taskinstance.py:876} INFO - Dependencies all met for <TaskInstance: Covid.Covidtask1 2021-08-09T08:44:47.104391+00:00 [queued]>
[2021-08-09 14:29:56,845] {taskinstance.py:876} INFO - Dependencies all met for <TaskInstance: Covid.Covidtask1 2021-08-09T08:44:47.104391+00:00 [queued]>
[2021-08-09 14:29:56,845] {taskinstance.py:1067} INFO - 
--------------------------------------------------------------------------------
[2021-08-09 14:29:56,845] {taskinstance.py:1068} INFO - Starting attempt 1 of 8
[2021-08-09 14:29:56,845] {taskinstance.py:1069} INFO - 
--------------------------------------------------------------------------------
[2021-08-09 14:29:56,949] {taskinstance.py:1087} INFO - Executing <Task(PythonOperator): Covidtask1> on 2021-08-09T08:44:47.104391+00:00
[2021-08-09 14:29:56,954] {standard_task_runner.py:52} INFO - Started process 23111 to run task
[2021-08-09 14:29:56,966] {standard_task_runner.py:76} INFO - Running: ['airflow', 'tasks', 'run', 'Covid', 'Covidtask1', '2021-08-09T08:44:47.104391+00:00', '--job-id', '347', '--pool', 'default_pool', '--raw', '--subdir', 'DAGS_FOLDER/dag.py', '--cfg-path', '/tmp/tmp4l29nvjy', '--error-file', '/tmp/tmpr1sca8uy']
[2021-08-09 14:29:56,968] {standard_task_runner.py:77} INFO - Job 347: Subtask Covidtask1
[2021-08-09 14:29:57,120] {logging_mixin.py:104} INFO - Running <TaskInstance: Covid.Covidtask1 2021-08-09T08:44:47.104391+00:00 [running]> on host deepika-Inspiron-5570
[2021-08-09 14:29:57,379] {taskinstance.py:1280} INFO - Exporting the following env vars:
AIRFLOW_CTX_DAG_EMAIL=sthadpka93@gmail.com
AIRFLOW_CTX_DAG_OWNER=postgres
AIRFLOW_CTX_DAG_ID=Covid
AIRFLOW_CTX_TASK_ID=Covidtask1
AIRFLOW_CTX_EXECUTION_DATE=2021-08-09T08:44:47.104391+00:00
AIRFLOW_CTX_DAG_RUN_ID=manual__2021-08-09T08:44:47.104391+00:00
[2021-08-09 14:30:05,498] {python.py:151} INFO - Done. Returned value was: None
[2021-08-09 14:30:05,500] {taskinstance.py:1184} INFO - Marking task as SUCCESS. dag_id=Covid, task_id=Covidtask1, execution_date=20210809T084447, start_date=20210809T084456, end_date=20210809T084505
[2021-08-09 14:30:06,572] {taskinstance.py:1245} INFO - 1 downstream tasks scheduled from follow-on schedule check
[2021-08-09 14:30:06,619] {local_task_job.py:151} INFO - Task exited with return code 0
