[2021-08-09 14:21:38,967] {taskinstance.py:876} INFO - Dependencies all met for <TaskInstance: Covid.Covidtask4 2021-08-09T08:35:31.265897+00:00 [queued]>
[2021-08-09 14:21:38,976] {taskinstance.py:876} INFO - Dependencies all met for <TaskInstance: Covid.Covidtask4 2021-08-09T08:35:31.265897+00:00 [queued]>
[2021-08-09 14:21:38,976] {taskinstance.py:1067} INFO - 
--------------------------------------------------------------------------------
[2021-08-09 14:21:38,976] {taskinstance.py:1068} INFO - Starting attempt 1 of 8
[2021-08-09 14:21:38,976] {taskinstance.py:1069} INFO - 
--------------------------------------------------------------------------------
[2021-08-09 14:21:39,160] {taskinstance.py:1087} INFO - Executing <Task(PythonOperator): Covidtask4> on 2021-08-09T08:35:31.265897+00:00
[2021-08-09 14:21:39,165] {standard_task_runner.py:52} INFO - Started process 20462 to run task
[2021-08-09 14:21:39,175] {standard_task_runner.py:76} INFO - Running: ['airflow', 'tasks', 'run', 'Covid', 'Covidtask4', '2021-08-09T08:35:31.265897+00:00', '--job-id', '345', '--pool', 'default_pool', '--raw', '--subdir', 'DAGS_FOLDER/dag.py', '--cfg-path', '/tmp/tmpghin00d7', '--error-file', '/tmp/tmp3l_xf9cn']
[2021-08-09 14:21:39,177] {standard_task_runner.py:77} INFO - Job 345: Subtask Covidtask4
[2021-08-09 14:21:40,036] {logging_mixin.py:104} INFO - Running <TaskInstance: Covid.Covidtask4 2021-08-09T08:35:31.265897+00:00 [running]> on host deepika-Inspiron-5570
[2021-08-09 14:21:41,715] {taskinstance.py:1280} INFO - Exporting the following env vars:
AIRFLOW_CTX_DAG_EMAIL=sthadpka93@gmail.com
AIRFLOW_CTX_DAG_OWNER=postgres
AIRFLOW_CTX_DAG_ID=Covid
AIRFLOW_CTX_TASK_ID=Covidtask4
AIRFLOW_CTX_EXECUTION_DATE=2021-08-09T08:35:31.265897+00:00
AIRFLOW_CTX_DAG_RUN_ID=manual__2021-08-09T08:35:31.265897+00:00
[2021-08-09 14:21:52,861] {python.py:151} INFO - Done. Returned value was: None
[2021-08-09 14:21:52,864] {taskinstance.py:1184} INFO - Marking task as SUCCESS. dag_id=Covid, task_id=Covidtask4, execution_date=20210809T083531, start_date=20210809T083638, end_date=20210809T083652
[2021-08-09 14:21:54,655] {taskinstance.py:1245} INFO - 1 downstream tasks scheduled from follow-on schedule check
[2021-08-09 14:21:54,835] {local_task_job.py:151} INFO - Task exited with return code 0
