[2021-08-10 18:55:28,277] {taskinstance.py:876} INFO - Dependencies all met for <TaskInstance: Covid.Covidtask1 2021-08-10T13:10:13.395265+00:00 [queued]>
[2021-08-10 18:55:28,283] {taskinstance.py:876} INFO - Dependencies all met for <TaskInstance: Covid.Covidtask1 2021-08-10T13:10:13.395265+00:00 [queued]>
[2021-08-10 18:55:28,283] {taskinstance.py:1067} INFO - 
--------------------------------------------------------------------------------
[2021-08-10 18:55:28,284] {taskinstance.py:1068} INFO - Starting attempt 1 of 8
[2021-08-10 18:55:28,284] {taskinstance.py:1069} INFO - 
--------------------------------------------------------------------------------
[2021-08-10 18:55:28,368] {taskinstance.py:1087} INFO - Executing <Task(PythonOperator): Covidtask1> on 2021-08-10T13:10:13.395265+00:00
[2021-08-10 18:55:28,376] {standard_task_runner.py:52} INFO - Started process 33451 to run task
[2021-08-10 18:55:28,388] {standard_task_runner.py:76} INFO - Running: ['airflow', 'tasks', 'run', 'Covid', 'Covidtask1', '2021-08-10T13:10:13.395265+00:00', '--job-id', '356', '--pool', 'default_pool', '--raw', '--subdir', 'DAGS_FOLDER/dag.py', '--cfg-path', '/tmp/tmprtmlzh4a', '--error-file', '/tmp/tmp4j2x1vsv']
[2021-08-10 18:55:28,389] {standard_task_runner.py:77} INFO - Job 356: Subtask Covidtask1
[2021-08-10 18:55:28,512] {logging_mixin.py:104} INFO - Running <TaskInstance: Covid.Covidtask1 2021-08-10T13:10:13.395265+00:00 [running]> on host deepika-Inspiron-5570
[2021-08-10 18:55:29,419] {taskinstance.py:1280} INFO - Exporting the following env vars:
AIRFLOW_CTX_DAG_EMAIL=sthadpka93@gmail.com
AIRFLOW_CTX_DAG_OWNER=postgres
AIRFLOW_CTX_DAG_ID=Covid
AIRFLOW_CTX_TASK_ID=Covidtask1
AIRFLOW_CTX_EXECUTION_DATE=2021-08-10T13:10:13.395265+00:00
AIRFLOW_CTX_DAG_RUN_ID=manual__2021-08-10T13:10:13.395265+00:00
[2021-08-10 18:55:37,732] {python.py:151} INFO - Done. Returned value was: None
[2021-08-10 18:55:37,740] {taskinstance.py:1184} INFO - Marking task as SUCCESS. dag_id=Covid, task_id=Covidtask1, execution_date=20210810T131013, start_date=20210810T131028, end_date=20210810T131037
[2021-08-10 18:55:37,951] {taskinstance.py:1245} INFO - 1 downstream tasks scheduled from follow-on schedule check
[2021-08-10 18:55:37,975] {local_task_job.py:151} INFO - Task exited with return code 0
